TN:
SF:src\server.js
FN:17,(anonymous_0)
FNF:1
FNH:1
FNDA:1,(anonymous_0)
DA:5,1
DA:6,1
DA:7,1
DA:8,1
DA:10,1
DA:13,1
DA:14,1
DA:17,1
DA:18,1
DA:21,1
DA:24,1
DA:26,1
LF:12
LH:12
BRF:0
BRH:0
end_of_record
TN:
SF:src\config\allowedOrigins.js
FNF:0
FNH:0
LF:0
LH:0
BRF:0
BRH:0
end_of_record
TN:
SF:src\config\corsOptions.js
FNF:0
FNH:0
LF:0
LH:0
BRF:0
BRH:0
end_of_record
TN:
SF:src\config\dbConn.js
FNF:0
FNH:0
LF:0
LH:0
BRF:0
BRH:0
end_of_record
TN:
SF:src\controllers\userController.js
FN:7,(anonymous_0)
FN:11,(anonymous_1)
FN:39,(anonymous_2)
FN:43,(anonymous_3)
FN:62,(anonymous_4)
FN:64,(anonymous_5)
FN:73,(anonymous_6)
FN:75,(anonymous_7)
FN:93,(anonymous_8)
FNF:9
FNH:9
FNDA:23,(anonymous_0)
FNDA:4,(anonymous_1)
FNDA:7,(anonymous_2)
FNDA:7,(anonymous_3)
FNDA:5,(anonymous_4)
FNDA:5,(anonymous_5)
FNDA:5,(anonymous_6)
FNDA:5,(anonymous_7)
FNDA:25,(anonymous_8)
DA:5,2
DA:7,2
DA:8,23
DA:11,23
DA:12,23
DA:13,2
DA:20,21
DA:28,21
DA:31,21
DA:33,21
DA:39,2
DA:40,7
DA:43,7
DA:45,7
DA:46,4
DA:53,3
DA:55,3
DA:62,2
DA:64,5
DA:66,5
DA:73,2
DA:74,5
DA:75,5
DA:77,5
DA:78,2
DA:84,3
DA:86,3
DA:93,2
DA:94,25
DA:97,2
LF:30
LH:30
BRDA:12,0,0,2
BRDA:12,0,1,21
BRDA:43,1,0,7
BRDA:43,1,1,5
BRDA:45,2,0,4
BRDA:45,2,1,3
BRDA:77,3,0,2
BRDA:77,3,1,3
BRF:8
BRH:8
end_of_record
TN:
SF:src\middleware\errorHandler.js
FN:5,(anonymous_0)
FNF:1
FNH:1
FNDA:4,(anonymous_0)
DA:5,2
DA:7,4
DA:10,4
DA:13,4
DA:20,2
LF:5
LH:5
BRDA:10,0,0,4
BRDA:10,0,1,3
BRDA:15,1,0,4
BRDA:15,1,1,0
BRDA:16,2,0,1
BRDA:16,2,1,3
BRF:6
BRH:5
end_of_record
TN:
SF:src\middleware\logger.js
FN:5,(anonymous_0)
FNF:1
FNH:1
FNDA:32,(anonymous_0)
DA:5,2
DA:6,32
DA:7,32
DA:9,32
DA:11,32
DA:14,2
LF:6
LH:6
BRF:0
BRH:0
end_of_record
TN:
SF:src\middleware\validation.js
FN:7,(anonymous_0)
FN:34,(anonymous_1)
FNF:2
FNH:2
FNDA:16,(anonymous_0)
FNDA:6,(anonymous_1)
DA:5,1
DA:7,1
DA:8,16
DA:10,16
DA:11,1
DA:17,15
DA:18,1
DA:24,14
DA:25,1
DA:31,13
DA:34,1
DA:35,6
DA:37,6
DA:38,1
DA:44,5
DA:45,1
DA:51,4
DA:54,1
LF:18
LH:18
BRDA:10,0,0,1
BRDA:10,0,1,15
BRDA:10,1,0,16
BRDA:10,1,1,15
BRDA:17,2,0,1
BRDA:17,2,1,14
BRDA:24,3,0,1
BRDA:24,3,1,13
BRDA:24,4,0,14
BRDA:24,4,1,14
BRDA:37,5,0,1
BRDA:37,5,1,5
BRDA:44,6,0,1
BRDA:44,6,1,4
BRF:14
BRH:14
end_of_record
TN:
SF:src\routes\userRoutes.js
FNF:0
FNH:0
DA:5,1
DA:11,1
DA:15,1
DA:17,1
DA:20,1
DA:21,1
DA:24,1
DA:25,1
DA:27,1
LF:9
LH:9
BRF:0
BRH:0
end_of_record
TN:
SF:src\utils\validators.js
FN:5,(anonymous_0)
FN:11,(anonymous_1)
FN:20,(anonymous_2)
FN:27,(anonymous_3)
FNF:4
FNH:4
FNDA:34,(anonymous_0)
FNDA:11,(anonymous_1)
FNDA:7,(anonymous_2)
FNDA:8,(anonymous_3)
DA:5,2
DA:6,34
DA:7,28
DA:8,28
DA:11,2
DA:12,11
DA:14,8
DA:20,2
DA:21,7
DA:23,5
DA:24,5
DA:27,2
DA:28,8
DA:29,5
DA:32,2
LF:15
LH:15
BRDA:6,0,0,6
BRDA:6,0,1,28
BRDA:6,1,0,34
BRDA:6,1,1,31
BRDA:12,2,0,3
BRDA:12,2,1,8
BRDA:12,3,0,11
BRDA:12,3,1,9
BRDA:14,4,0,8
BRDA:14,4,1,6
BRDA:14,4,2,5
BRDA:14,4,3,4
BRDA:21,5,0,2
BRDA:21,5,1,5
BRDA:21,6,0,7
BRDA:21,6,1,5
BRDA:28,7,0,3
BRDA:28,7,1,5
BRDA:28,8,0,8
BRDA:28,8,1,6
BRF:20
BRH:20
end_of_record
