TN:
SF:src\server.js
FN:31,(anonymous_0)
FN:53,(anonymous_1)
FN:56,(anonymous_2)
FN:61,(anonymous_3)
FN:73,(anonymous_4)
FNF:5
FNH:1
FNDA:1,(anonymous_0)
FNDA:0,(anonymous_1)
FNDA:0,(anonymous_2)
FNDA:0,(anonymous_3)
FNDA:0,(anonymous_4)
DA:6,1
DA:7,1
DA:8,1
DA:9,1
DA:10,1
DA:11,1
DA:13,1
DA:16,1
DA:26,1
DA:27,1
DA:28,1
DA:31,1
DA:32,1
DA:36,1
DA:39,1
DA:40,0
DA:41,0
DA:42,0
DA:45,0
DA:48,0
DA:49,0
DA:50,0
DA:53,0
DA:54,0
DA:55,0
DA:56,0
DA:57,0
DA:61,0
DA:62,0
DA:68,0
DA:73,1
DA:76,1
DA:78,1
LF:33
LH:18
BRDA:39,0,0,0
BRDA:39,0,1,1
BRDA:55,1,0,0
BRDA:55,1,1,0
BRF:4
BRH:1
end_of_record
TN:
SF:src\caching\redis.js
FN:5,(anonymous_0)
FNF:1
FNH:1
FNDA:2,(anonymous_0)
DA:1,2
DA:3,2
DA:5,2
DA:6,2
DA:8,2
DA:16,2
DA:19,2
LF:7
LH:7
BRDA:6,0,0,0
BRDA:6,0,1,2
BRF:2
BRH:1
end_of_record
TN:
SF:src\config\dbConn.js
FN:3,(anonymous_0)
FNF:1
FNH:0
FNDA:0,(anonymous_0)
DA:1,0
DA:3,0
DA:4,0
DA:5,0
DA:6,0
DA:8,0
DA:11,0
LF:7
LH:0
BRF:0
BRH:0
end_of_record
TN:
SF:src\controllers\authController.js
FN:13,(anonymous_0)
FN:90,(anonymous_1)
FN:229,(anonymous_2)
FNF:3
FNH:0
FNDA:0,(anonymous_0)
FNDA:0,(anonymous_1)
FNDA:0,(anonymous_2)
DA:1,0
DA:2,0
DA:3,0
DA:4,0
DA:5,0
DA:13,0
DA:14,0
DA:15,0
DA:18,0
DA:21,0
DA:28,0
DA:29,0
DA:30,0
DA:35,0
DA:36,0
DA:44,0
DA:54,0
DA:57,0
DA:63,0
DA:72,0
DA:78,0
DA:90,0
DA:91,0
DA:92,0
DA:96,0
DA:99,0
DA:100,0
DA:102,0
DA:104,0
DA:108,0
DA:109,0
DA:110,0
DA:112,0
DA:113,0
DA:114,0
DA:115,0
DA:117,0
DA:118,0
DA:119,0
DA:120,0
DA:122,0
DA:133,0
DA:140,0
DA:141,0
DA:147,0
DA:149,0
DA:150,0
DA:157,0
DA:159,0
DA:161,0
DA:166,0
DA:175,0
DA:181,0
DA:187,0
DA:188,0
DA:190,0
DA:194,0
DA:196,0
DA:200,0
DA:212,0
DA:217,0
DA:229,0
DA:230,0
DA:231,0
DA:232,0
DA:235,0
DA:236,0
DA:237,0
DA:243,0
DA:244,0
DA:246,0
DA:247,0
DA:248,0
DA:254,0
DA:255,0
DA:261,0
DA:262,0
DA:267,0
LF:78
LH:0
BRDA:28,0,0,0
BRDA:28,0,1,0
BRDA:29,1,0,0
BRDA:29,1,1,0
BRDA:35,2,0,0
BRDA:35,2,1,0
BRDA:80,3,0,0
BRDA:80,3,1,0
BRDA:100,4,0,0
BRDA:100,4,1,0
BRDA:108,5,0,0
BRDA:108,5,1,0
BRDA:108,6,0,0
BRDA:108,6,1,0
BRDA:117,7,0,0
BRDA:117,7,1,0
BRDA:149,8,0,0
BRDA:149,8,1,0
BRDA:159,9,0,0
BRDA:159,9,1,0
BRDA:219,10,0,0
BRDA:219,10,1,0
BRDA:235,11,0,0
BRDA:235,11,1,0
BRDA:246,12,0,0
BRDA:246,12,1,0
BRDA:269,13,0,0
BRDA:269,13,1,0
BRF:28
BRH:0
end_of_record
TN:
SF:src\controllers\bookingController.js
FN:9,(anonymous_0)
FN:98,(anonymous_1)
FN:131,(anonymous_2)
FN:175,(anonymous_3)
FN:228,(anonymous_4)
FNF:5
FNH:0
FNDA:0,(anonymous_0)
FNDA:0,(anonymous_1)
FNDA:0,(anonymous_2)
FNDA:0,(anonymous_3)
FNDA:0,(anonymous_4)
DA:1,0
DA:2,0
DA:9,0
DA:10,0
DA:11,0
DA:12,0
DA:13,0
DA:28,0
DA:31,0
DA:32,0
DA:39,0
DA:40,0
DA:47,0
DA:48,0
DA:49,0
DA:56,0
DA:74,0
DA:76,0
DA:78,0
DA:84,0
DA:85,0
DA:98,0
DA:99,0
DA:100,0
DA:101,0
DA:102,0
DA:108,0
DA:112,0
DA:117,0
DA:118,0
DA:131,0
DA:132,0
DA:133,0
DA:134,0
DA:136,0
DA:141,0
DA:142,0
DA:149,0
DA:150,0
DA:156,0
DA:161,0
DA:162,0
DA:175,0
DA:176,0
DA:177,0
DA:178,0
DA:180,0
DA:182,0
DA:183,0
DA:190,0
DA:191,0
DA:198,0
DA:199,0
DA:205,0
DA:206,0
DA:208,0
DA:214,0
DA:215,0
DA:228,0
DA:229,0
DA:230,0
DA:231,0
DA:233,0
DA:241,0
DA:242,0
DA:248,0
DA:250,0
DA:251,0
DA:257,0
DA:258,0
DA:260,0
DA:266,0
DA:267,0
LF:73
LH:0
BRDA:31,0,0,0
BRDA:31,0,1,0
BRDA:31,1,0,0
BRDA:31,1,1,0
BRDA:31,1,2,0
BRDA:31,1,3,0
BRDA:39,2,0,0
BRDA:39,2,1,0
BRDA:39,3,0,0
BRDA:39,3,1,0
BRDA:39,3,2,0
BRDA:48,4,0,0
BRDA:48,4,1,0
BRDA:59,5,0,0
BRDA:59,5,1,0
BRDA:62,6,0,0
BRDA:62,6,1,0
BRDA:64,7,0,0
BRDA:64,7,1,0
BRDA:66,8,0,0
BRDA:66,8,1,0
BRDA:68,9,0,0
BRDA:68,9,1,0
BRDA:69,10,0,0
BRDA:69,10,1,0
BRDA:101,11,0,0
BRDA:101,11,1,0
BRDA:141,12,0,0
BRDA:141,12,1,0
BRDA:149,13,0,0
BRDA:149,13,1,0
BRDA:182,14,0,0
BRDA:182,14,1,0
BRDA:190,15,0,0
BRDA:190,15,1,0
BRDA:198,16,0,0
BRDA:198,16,1,0
BRDA:198,17,0,0
BRDA:198,17,1,0
BRDA:241,18,0,0
BRDA:241,18,1,0
BRDA:250,19,0,0
BRDA:250,19,1,0
BRF:43
BRH:0
end_of_record
TN:
SF:src\controllers\otpController.js
FN:6,(anonymous_0)
FN:219,(anonymous_1)
FN:324,(anonymous_2)
FN:477,(anonymous_3)
FN:575,(anonymous_4)
FNF:5
FNH:0
FNDA:0,(anonymous_0)
FNDA:0,(anonymous_1)
FNDA:0,(anonymous_2)
FNDA:0,(anonymous_3)
FNDA:0,(anonymous_4)
DA:1,0
DA:2,0
DA:3,0
DA:6,0
DA:7,0
DA:219,0
DA:220,0
DA:222,0
DA:224,0
DA:225,0
DA:239,0
DA:240,0
DA:241,0
DA:242,0
DA:244,0
DA:256,0
DA:257,0
DA:270,0
DA:271,0
DA:274,0
DA:275,0
DA:276,0
DA:277,0
DA:280,0
DA:281,0
DA:289,0
DA:291,0
DA:301,0
DA:314,0
DA:315,0
DA:324,0
DA:325,0
DA:327,0
DA:329,0
DA:330,0
DA:343,0
DA:344,0
DA:357,0
DA:359,0
DA:360,0
DA:363,0
DA:364,0
DA:377,0
DA:378,0
DA:391,0
DA:392,0
DA:393,0
DA:394,0
DA:395,0
DA:397,0
DA:410,0
DA:411,0
DA:412,0
DA:413,0
DA:414,0
DA:416,0
DA:428,0
DA:429,0
DA:430,0
DA:432,0
DA:449,0
DA:451,0
DA:452,0
DA:453,0
DA:454,0
DA:456,0
DA:467,0
DA:468,0
DA:477,0
DA:478,0
DA:480,0
DA:481,0
DA:482,0
DA:495,0
DA:496,0
DA:498,0
DA:499,0
DA:500,0
DA:503,0
DA:504,0
DA:511,0
DA:512,0
DA:513,0
DA:526,0
DA:527,0
DA:528,0
DA:529,0
DA:530,0
DA:533,0
DA:534,0
DA:542,0
DA:544,0
DA:553,0
DA:565,0
DA:566,0
DA:575,0
DA:576,0
DA:578,0
DA:579,0
DA:580,0
DA:586,0
DA:587,0
DA:600,0
DA:601,0
DA:602,0
DA:614,0
DA:615,0
DA:616,0
DA:623,0
DA:624,0
DA:625,0
DA:626,0
DA:627,0
DA:629,0
DA:637,0
DA:638,0
DA:646,0
LF:117
LH:0
BRDA:6,0,0,0
BRDA:174,1,0,0
BRDA:174,1,1,0
BRDA:224,2,0,0
BRDA:224,2,1,0
BRDA:224,3,0,0
BRDA:224,3,1,0
BRDA:224,3,2,0
BRDA:239,4,0,0
BRDA:239,4,1,0
BRDA:241,5,0,0
BRDA:241,5,1,0
BRDA:256,6,0,0
BRDA:256,6,1,0
BRDA:280,7,0,0
BRDA:280,7,1,0
BRDA:305,8,0,0
BRDA:305,8,1,0
BRDA:329,9,0,0
BRDA:329,9,1,0
BRDA:329,10,0,0
BRDA:329,10,1,0
BRDA:343,11,0,0
BRDA:343,11,1,0
BRDA:359,12,0,0
BRDA:359,12,1,0
BRDA:363,13,0,0
BRDA:363,13,1,0
BRDA:377,14,0,0
BRDA:377,14,1,0
BRDA:391,15,0,0
BRDA:391,15,1,0
BRDA:410,16,0,0
BRDA:410,16,1,0
BRDA:428,17,0,0
BRDA:428,17,1,0
BRDA:481,18,0,0
BRDA:481,18,1,0
BRDA:498,19,0,0
BRDA:498,19,1,0
BRDA:503,20,0,0
BRDA:503,20,1,0
BRDA:511,21,0,0
BRDA:511,21,1,0
BRDA:512,22,0,0
BRDA:512,22,1,0
BRDA:533,23,0,0
BRDA:533,23,1,0
BRDA:557,24,0,0
BRDA:557,24,1,0
BRDA:579,25,0,0
BRDA:579,25,1,0
BRDA:579,26,0,0
BRDA:579,26,1,0
BRDA:579,26,2,0
BRDA:586,27,0,0
BRDA:586,27,1,0
BRDA:601,28,0,0
BRDA:601,28,1,0
BRDA:615,29,0,0
BRDA:615,29,1,0
BRF:61
BRH:0
end_of_record
TN:
SF:src\controllers\userController.js
FN:17,(anonymous_0)
FN:22,(anonymous_1)
FN:26,(anonymous_2)
FN:54,(anonymous_3)
FN:58,(anonymous_4)
FN:77,(anonymous_5)
FN:79,(anonymous_6)
FN:88,(anonymous_7)
FN:90,(anonymous_8)
FN:108,(anonymous_9)
FN:114,(anonymous_10)
FN:145,(anonymous_11)
FN:166,(anonymous_12)
FN:244,(anonymous_13)
FN:266,(anonymous_14)
FN:295,(anonymous_15)
FN:296,(anonymous_16)
FN:308,(anonymous_17)
FN:309,(anonymous_18)
FN:341,(anonymous_19)
FNF:20
FNH:9
FNDA:25,(anonymous_0)
FNDA:23,(anonymous_1)
FNDA:4,(anonymous_2)
FNDA:7,(anonymous_3)
FNDA:7,(anonymous_4)
FNDA:5,(anonymous_5)
FNDA:5,(anonymous_6)
FNDA:5,(anonymous_7)
FNDA:5,(anonymous_8)
FNDA:0,(anonymous_9)
FNDA:0,(anonymous_10)
FNDA:0,(anonymous_11)
FNDA:0,(anonymous_12)
FNDA:0,(anonymous_13)
FNDA:0,(anonymous_14)
FNDA:0,(anonymous_15)
FNDA:0,(anonymous_16)
FNDA:0,(anonymous_17)
FNDA:0,(anonymous_18)
FNDA:0,(anonymous_19)
DA:5,2
DA:6,2
DA:7,2
DA:8,2
DA:9,2
DA:10,2
DA:11,2
DA:14,2
DA:17,2
DA:18,25
DA:22,2
DA:23,23
DA:26,23
DA:27,23
DA:28,2
DA:35,21
DA:43,21
DA:46,21
DA:48,21
DA:54,2
DA:55,7
DA:58,7
DA:60,7
DA:61,4
DA:68,3
DA:70,3
DA:77,2
DA:79,5
DA:81,5
DA:88,2
DA:89,5
DA:90,5
DA:92,5
DA:93,2
DA:99,3
DA:101,3
DA:108,2
DA:109,0
DA:110,0
DA:111,0
DA:113,0
DA:114,0
DA:117,0
DA:118,0
DA:119,0
DA:120,0
DA:124,0
DA:125,0
DA:126,0
DA:127,0
DA:128,0
DA:129,0
DA:132,0
DA:138,0
DA:140,0
DA:141,0
DA:145,2
DA:146,0
DA:147,0
DA:148,0
DA:150,0
DA:152,0
DA:154,0
DA:156,0
DA:157,0
DA:166,2
DA:167,0
DA:168,0
DA:169,0
DA:172,0
DA:173,0
DA:180,0
DA:183,0
DA:188,0
DA:189,0
DA:196,0
DA:201,0
DA:202,0
DA:209,0
DA:219,0
DA:220,0
DA:227,0
DA:229,0
DA:235,0
DA:237,0
DA:244,2
DA:245,0
DA:246,0
DA:248,0
DA:250,0
DA:251,0
DA:255,0
DA:256,0
DA:258,0
DA:260,0
DA:262,0
DA:266,2
DA:267,0
DA:268,0
DA:281,0
DA:283,0
DA:284,0
DA:290,0
DA:291,0
DA:292,0
DA:293,0
DA:295,0
DA:296,0
DA:297,0
DA:298,0
DA:303,0
DA:304,0
DA:305,0
DA:306,0
DA:308,0
DA:309,0
DA:310,0
DA:311,0
DA:315,0
DA:328,0
DA:330,0
DA:336,0
DA:337,0
DA:341,2
DA:342,0
DA:343,0
DA:345,0
DA:346,0
DA:348,0
DA:350,0
DA:351,0
DA:357,2
LF:132
LH:43
BRDA:27,0,0,2
BRDA:27,0,1,21
BRDA:58,1,0,7
BRDA:58,1,1,5
BRDA:60,2,0,4
BRDA:60,2,1,3
BRDA:92,3,0,2
BRDA:92,3,1,3
BRDA:119,4,0,0
BRDA:119,4,1,0
BRDA:124,5,0,0
BRDA:124,5,1,0
BRDA:148,6,0,0
BRDA:148,6,1,0
BRDA:152,7,0,0
BRDA:152,7,1,0
BRDA:172,8,0,0
BRDA:172,8,1,0
BRDA:172,9,0,0
BRDA:172,9,1,0
BRDA:172,9,2,0
BRDA:188,10,0,0
BRDA:188,10,1,0
BRDA:201,11,0,0
BRDA:201,11,1,0
BRDA:219,12,0,0
BRDA:219,12,1,0
BRDA:239,13,0,0
BRDA:239,13,1,0
BRDA:245,14,0,0
BRDA:245,14,1,0
BRDA:246,15,0,0
BRDA:246,15,1,0
BRDA:255,16,0,0
BRDA:255,16,1,0
BRDA:268,17,0,0
BRDA:268,17,1,0
BRDA:283,18,0,0
BRDA:283,18,1,0
BRDA:283,19,0,0
BRDA:283,19,1,0
BRDA:291,20,0,0
BRDA:291,20,1,0
BRDA:292,21,0,0
BRDA:292,21,1,0
BRDA:297,22,0,0
BRDA:297,22,1,0
BRDA:304,23,0,0
BRDA:304,23,1,0
BRDA:305,24,0,0
BRDA:305,24,1,0
BRDA:310,25,0,0
BRDA:310,25,1,0
BRDA:342,26,0,0
BRDA:342,26,1,0
BRDA:343,27,0,0
BRDA:343,27,1,0
BRF:57
BRH:8
end_of_record
TN:
SF:src\middleware\authMiddleware.js
FN:4,(anonymous_0)
FN:56,(anonymous_1)
FN:57,(anonymous_2)
FN:82,(anonymous_3)
FNF:4
FNH:0
FNDA:0,(anonymous_0)
FNDA:0,(anonymous_1)
FNDA:0,(anonymous_2)
FNDA:0,(anonymous_3)
DA:1,1
DA:2,1
DA:4,1
DA:5,0
DA:7,0
DA:8,0
DA:10,0
DA:11,0
DA:18,0
DA:21,0
DA:27,0
DA:29,0
DA:34,0
DA:35,0
DA:41,0
DA:42,0
DA:48,0
DA:56,1
DA:57,0
DA:58,0
DA:59,0
DA:65,0
DA:66,0
DA:71,0
DA:77,0
DA:82,1
DA:83,0
DA:84,0
DA:85,0
DA:91,0
DA:92,0
DA:94,0
DA:95,0
DA:101,0
DA:103,0
DA:108,0
DA:114,1
LF:37
LH:6
BRDA:8,0,0,0
BRDA:8,0,1,0
BRDA:10,1,0,0
BRDA:10,1,1,0
BRDA:34,2,0,0
BRDA:34,2,1,0
BRDA:41,3,0,0
BRDA:41,3,1,0
BRDA:58,4,0,0
BRDA:58,4,1,0
BRDA:65,5,0,0
BRDA:65,5,1,0
BRDA:84,6,0,0
BRDA:84,6,1,0
BRDA:94,7,0,0
BRDA:94,7,1,0
BRF:16
BRH:0
end_of_record
TN:
SF:src\middleware\errorHandler.js
FN:7,(anonymous_0)
FNF:1
FNH:1
FNDA:4,(anonymous_0)
DA:5,2
DA:7,2
DA:9,4
DA:12,4
DA:13,4
DA:16,4
DA:19,4
DA:27,2
LF:8
LH:8
BRDA:16,0,0,4
BRDA:16,0,1,3
BRDA:16,0,2,3
BRDA:21,1,0,4
BRDA:21,1,1,0
BRDA:23,2,0,1
BRDA:23,2,1,3
BRF:7
BRH:6
end_of_record
TN:
SF:src\middleware\logger.js
FN:11,(anonymous_0)
FN:24,(anonymous_1)
FNF:2
FNH:2
FNDA:36,(anonymous_0)
FNDA:32,(anonymous_1)
DA:5,3
DA:6,3
DA:7,3
DA:8,3
DA:9,3
DA:11,3
DA:12,36
DA:13,36
DA:14,36
DA:15,36
DA:16,0
DA:18,36
DA:20,0
DA:24,3
DA:25,32
DA:26,32
DA:29,32
DA:32,32
DA:34,32
DA:37,3
LF:20
LH:18
BRDA:15,0,0,0
BRDA:15,0,1,36
BRF:2
BRH:1
end_of_record
TN:
SF:src\middleware\validation.js
FN:10,(anonymous_0)
FN:37,(anonymous_1)
FN:58,(anonymous_2)
FN:64,(anonymous_3)
FN:101,(anonymous_4)
FNF:5
FNH:2
FNDA:16,(anonymous_0)
FNDA:6,(anonymous_1)
FNDA:0,(anonymous_2)
FNDA:0,(anonymous_3)
FNDA:0,(anonymous_4)
DA:6,1
DA:7,1
DA:10,1
DA:11,16
DA:13,16
DA:14,1
DA:20,15
DA:21,1
DA:27,14
DA:28,1
DA:34,13
DA:37,1
DA:38,6
DA:40,6
DA:41,1
DA:47,5
DA:48,1
DA:54,4
DA:58,1
DA:59,0
DA:60,0
DA:61,0
DA:64,0
DA:70,0
DA:74,1
DA:102,0
DA:103,0
DA:105,0
DA:112,1
DA:125,1
DA:153,1
LF:31
LH:23
BRDA:13,0,0,1
BRDA:13,0,1,15
BRDA:13,1,0,16
BRDA:13,1,1,15
BRDA:20,2,0,1
BRDA:20,2,1,14
BRDA:27,3,0,1
BRDA:27,3,1,13
BRDA:27,4,0,14
BRDA:27,4,1,14
BRDA:40,5,0,1
BRDA:40,5,1,5
BRDA:47,6,0,1
BRDA:47,6,1,4
BRDA:60,7,0,0
BRDA:60,7,1,0
BRDA:102,8,0,0
BRDA:102,8,1,0
BRF:18
BRH:14
end_of_record
TN:
SF:src\models\Booking.js
FN:121,(anonymous_0)
FNF:1
FNH:0
FNDA:0,(anonymous_0)
DA:1,0
DA:3,0
DA:121,0
DA:122,0
DA:123,0
DA:126,0
LF:6
LH:0
BRF:0
BRH:0
end_of_record
TN:
SF:src\models\Dependent.js
FN:75,(anonymous_0)
FNF:1
FNH:0
FNDA:0,(anonymous_0)
DA:1,2
DA:3,2
DA:75,2
DA:76,0
DA:77,0
DA:79,0
DA:82,2
LF:7
LH:4
BRDA:76,0,0,0
BRDA:76,0,1,0
BRDA:76,1,0,0
BRDA:76,1,1,0
BRF:4
BRH:0
end_of_record
TN:
SF:src\models\User.js
FN:116,(anonymous_0)
FN:135,(anonymous_1)
FN:140,(anonymous_2)
FNF:3
FNH:0
FNDA:0,(anonymous_0)
FNDA:0,(anonymous_1)
FNDA:0,(anonymous_2)
DA:1,2
DA:2,2
DA:4,2
DA:116,2
DA:117,0
DA:118,0
DA:121,0
DA:123,0
DA:124,0
DA:125,0
DA:126,0
DA:127,0
DA:128,0
DA:130,0
DA:135,2
DA:136,0
DA:140,2
DA:141,0
DA:142,0
DA:143,0
DA:144,0
DA:145,0
DA:146,0
DA:149,2
LF:24
LH:7
BRDA:117,0,0,0
BRDA:117,0,1,0
BRF:2
BRH:0
end_of_record
TN:
SF:src\models\audit-logging.js
FNF:0
FNH:0
DA:1,0
DA:3,0
DA:18,0
LF:3
LH:0
BRF:0
BRH:0
end_of_record
TN:
SF:src\routes\authRoutes.js
FNF:0
FNH:0
DA:1,0
DA:2,0
DA:3,0
DA:4,0
DA:5,0
DA:12,0
DA:19,0
DA:26,0
DA:28,0
LF:9
LH:0
BRF:0
BRH:0
end_of_record
TN:
SF:src\routes\bookingRoutes.js
FNF:0
FNH:0
DA:1,0
DA:2,0
DA:3,0
DA:10,0
DA:13,0
DA:14,0
DA:15,0
DA:16,0
DA:17,0
DA:19,0
LF:10
LH:0
BRF:0
BRH:0
end_of_record
TN:
SF:src\routes\otpRoutes.js
FNF:0
FNH:0
DA:1,0
DA:2,0
DA:4,0
DA:7,0
DA:8,0
DA:9,0
DA:10,0
DA:12,0
LF:8
LH:0
BRF:0
BRH:0
end_of_record
TN:
SF:src\routes\userRoutes.js
FN:50,(anonymous_0)
FN:62,(anonymous_1)
FN:83,(anonymous_2)
FN:107,(anonymous_3)
FN:133,(anonymous_4)
FN:159,(anonymous_5)
FN:181,(anonymous_6)
FN:210,(anonymous_7)
FN:211,(anonymous_8)
FN:222,(anonymous_9)
FN:223,(anonymous_10)
FN:244,(anonymous_11)
FNF:12
FNH:0
FNDA:0,(anonymous_0)
FNDA:0,(anonymous_1)
FNDA:0,(anonymous_2)
FNDA:0,(anonymous_3)
FNDA:0,(anonymous_4)
FNDA:0,(anonymous_5)
FNDA:0,(anonymous_6)
FNDA:0,(anonymous_7)
FNDA:0,(anonymous_8)
FNDA:0,(anonymous_9)
FNDA:0,(anonymous_10)
FNDA:0,(anonymous_11)
DA:5,1
DA:6,1
DA:20,1
DA:27,1
DA:29,1
DA:30,1
DA:31,1
DA:34,1
DA:35,1
DA:36,1
DA:37,1
DA:40,1
DA:41,1
DA:42,1
DA:43,1
DA:44,1
DA:46,1
DA:47,1
DA:50,1
DA:51,0
DA:52,0
DA:53,0
DA:54,0
DA:56,0
DA:58,0
DA:62,1
DA:63,0
DA:74,0
DA:76,0
DA:77,0
DA:78,0
DA:82,0
DA:83,0
DA:86,0
DA:97,0
DA:98,0
DA:103,0
DA:107,1
DA:108,0
DA:119,0
DA:121,0
DA:122,0
DA:123,0
DA:126,0
DA:127,0
DA:128,0
DA:132,0
DA:133,0
DA:134,0
DA:135,0
DA:140,0
DA:141,0
DA:142,0
DA:143,0
DA:144,0
DA:145,0
DA:146,0
DA:147,0
DA:149,0
DA:150,0
DA:155,0
DA:159,1
DA:160,0
DA:161,0
DA:163,0
DA:164,0
DA:165,0
DA:168,0
DA:169,0
DA:171,0
DA:176,0
DA:181,1
DA:182,0
DA:193,0
DA:195,0
DA:196,0
DA:197,0
DA:200,0
DA:201,0
DA:202,0
DA:203,0
DA:206,0
DA:207,0
DA:208,0
DA:210,0
DA:211,0
DA:212,0
DA:213,0
DA:218,0
DA:219,0
DA:220,0
DA:222,0
DA:223,0
DA:224,0
DA:225,0
DA:229,0
DA:230,0
DA:231,0
DA:232,0
DA:234,0
DA:235,0
DA:237,0
DA:241,1
DA:245,0
DA:246,0
DA:249,0
DA:250,0
DA:253,0
DA:255,0
DA:260,1
LF:110
LH:25
BRDA:53,0,0,0
BRDA:53,0,1,0
BRDA:56,1,0,0
BRDA:56,1,1,0
BRDA:77,2,0,0
BRDA:77,2,1,0
BRDA:82,3,0,0
BRDA:82,3,1,0
BRDA:87,4,0,0
BRDA:87,4,1,0
BRDA:88,5,0,0
BRDA:88,5,1,0
BRDA:94,6,0,0
BRDA:94,6,1,0
BRDA:122,7,0,0
BRDA:122,7,1,0
BRDA:127,8,0,0
BRDA:127,8,1,0
BRDA:132,9,0,0
BRDA:132,9,1,0
BRDA:134,10,0,0
BRDA:134,10,1,0
BRDA:140,11,0,0
BRDA:140,11,1,0
BRDA:141,12,0,0
BRDA:141,12,1,0
BRDA:142,13,0,0
BRDA:142,13,1,0
BRDA:143,14,0,0
BRDA:143,14,1,0
BRDA:144,15,0,0
BRDA:144,15,1,0
BRDA:145,16,0,0
BRDA:145,16,1,0
BRDA:146,17,0,0
BRDA:146,17,1,0
BRDA:161,18,0,0
BRDA:161,18,1,0
BRDA:164,19,0,0
BRDA:164,19,1,0
BRDA:196,20,0,0
BRDA:196,20,1,0
BRDA:200,21,0,0
BRDA:200,21,1,0
BRDA:201,22,0,0
BRDA:201,22,1,0
BRDA:202,23,0,0
BRDA:202,23,1,0
BRDA:203,24,0,0
BRDA:203,24,1,0
BRDA:206,25,0,0
BRDA:206,25,1,0
BRDA:207,26,0,0
BRDA:207,26,1,0
BRDA:212,27,0,0
BRDA:212,27,1,0
BRDA:218,28,0,0
BRDA:218,28,1,0
BRDA:219,29,0,0
BRDA:219,29,1,0
BRDA:224,30,0,0
BRDA:224,30,1,0
BRDA:229,31,0,0
BRDA:229,31,1,0
BRDA:230,32,0,0
BRDA:230,32,1,0
BRDA:231,33,0,0
BRDA:231,33,1,0
BRDA:249,34,0,0
BRDA:249,34,1,0
BRF:70
BRH:0
end_of_record
TN:
SF:src\services\SMSSender.js
FN:18,sendSMS
FN:24,(anonymous_1)
FNF:2
FNH:0
FNDA:0,sendSMS
FNDA:0,(anonymous_1)
DA:1,0
DA:2,0
DA:4,0
DA:5,0
DA:6,0
DA:20,0
DA:21,0
DA:24,0
DA:25,0
DA:26,0
DA:29,0
DA:30,0
DA:33,0
DA:34,0
DA:40,0
DA:42,0
DA:47,0
LF:17
LH:0
BRDA:4,0,0,0
BRDA:4,0,1,0
BRDA:20,1,0,0
BRDA:20,1,1,0
BRDA:20,2,0,0
BRDA:20,2,1,0
BRDA:25,3,0,0
BRDA:25,3,1,0
BRDA:29,4,0,0
BRDA:29,4,1,0
BRDA:29,5,0,0
BRDA:29,5,1,0
BRDA:42,6,0,0
BRDA:42,6,1,0
BRF:14
BRH:0
end_of_record
TN:
SF:src\utils\validators.js
FN:5,(anonymous_0)
FN:11,(anonymous_1)
FN:20,(anonymous_2)
FN:27,(anonymous_3)
FNF:4
FNH:4
FNDA:34,(anonymous_0)
FNDA:11,(anonymous_1)
FNDA:7,(anonymous_2)
FNDA:8,(anonymous_3)
DA:5,2
DA:6,34
DA:7,28
DA:8,28
DA:11,2
DA:12,11
DA:14,8
DA:20,2
DA:21,7
DA:23,5
DA:24,5
DA:27,2
DA:28,8
DA:29,5
DA:32,2
LF:15
LH:15
BRDA:6,0,0,6
BRDA:6,0,1,28
BRDA:6,1,0,34
BRDA:6,1,1,31
BRDA:12,2,0,3
BRDA:12,2,1,8
BRDA:12,3,0,11
BRDA:12,3,1,9
BRDA:14,4,0,8
BRDA:14,4,1,6
BRDA:14,4,2,5
BRDA:14,4,3,4
BRDA:21,5,0,2
BRDA:21,5,1,5
BRDA:21,6,0,7
BRDA:21,6,1,5
BRDA:28,7,0,3
BRDA:28,7,1,5
BRDA:28,8,0,8
BRDA:28,8,1,6
BRF:20
BRH:20
end_of_record
